<?xml version="1.0" encoding="UTF-8"?>
<robot generator="Robot 7.3.2 (Python 3.12.0 on win32)" generated="2025-11-27T18:05:43.625303" rpa="false" schemaversion="5">
<suite id="s1" name="Automatisation E2E Robotframework" source="C:\Users\clems\Automatisation_E2E_Robotframework">
<suite id="s1-s1" name="Mes Suites de Tests" source="C:\Users\clems\Automatisation_E2E_Robotframework\Mes_Suites_de_Tests">
<suite id="s1-s1-s1" name="07 Effectuer plusieurs Achats" source="C:\Users\clems\Automatisation_E2E_Robotframework\Mes_Suites_de_Tests\07_Effectuer_plusieurs_Achats.robot">
<kw name="Effacement des ficihiers" owner="Keywords" type="SETUP">
<kw name="Remove File" owner="OperatingSystem">
<msg time="2025-11-27T18:05:44.359009" level="INFO" html="true">File '&lt;a href="file://C:\Users\clems\Automatisation_E2E_Robotframework\geckodriver-*.log"&gt;C:\Users\clems\Automatisation_E2E_Robotframework\geckodriver-*.log&lt;/a&gt;' does not exist.</msg>
<arg>geckodriver-*.log</arg>
<doc>Removes a file with the given path.</doc>
<status status="PASS" start="2025-11-27T18:05:44.357975" elapsed="0.002245"/>
</kw>
<kw name="Remove File" owner="OperatingSystem">
<msg time="2025-11-27T18:05:44.363368" level="INFO" html="true">File '&lt;a href="file://C:\Users\clems\Automatisation_E2E_Robotframework\selenium-screenshot-*.png"&gt;C:\Users\clems\Automatisation_E2E_Robotframework\selenium-screenshot-*.png&lt;/a&gt;' does not exist.</msg>
<arg>selenium-screenshot-*.png</arg>
<doc>Removes a file with the given path.</doc>
<status status="PASS" start="2025-11-27T18:05:44.361236" elapsed="0.002132"/>
</kw>
<status status="PASS" start="2025-11-27T18:05:44.355771" elapsed="0.007597"/>
</kw>
<test id="s1-s1-s1-t1" name="Passe plusieurs commandes" line="11">
<kw name="Achat multi-produits" owner="Keywords">
<kw name="Test connexion valide" owner="Keywords">
<kw name="Open Browser" owner="SeleniumLibrary">
<msg time="2025-11-27T18:05:44.369969" level="INFO">Opening browser 'firefox' to base url 'https://www.demoblaze.com/index.html'.</msg>
<arg>${site_web}</arg>
<doc>Opens a new browser instance to the optional ``url``.</doc>
<status status="PASS" start="2025-11-27T18:05:44.369969" elapsed="10.356958"/>
</kw>
<kw name="Page Should Contain" owner="SeleniumLibrary">
<msg time="2025-11-27T18:05:54.795019" level="INFO">Current page contains text 'PRODUCT STORE'.</msg>
<arg>PRODUCT STORE</arg>
<doc>Verifies that current page contains ``text``.</doc>
<status status="PASS" start="2025-11-27T18:05:54.728934" elapsed="0.066085"/>
</kw>
<kw name="Click Element" owner="SeleniumLibrary">
<msg time="2025-11-27T18:05:54.797034" level="INFO">Clicking element 'id=login2'.</msg>
<arg>id=login2</arg>
<doc>Click the element identified by ``locator``.</doc>
<status status="PASS" start="2025-11-27T18:05:54.797034" elapsed="0.288217"/>
</kw>
<kw name="Sleep" owner="BuiltIn">
<msg time="2025-11-27T18:05:58.087633" level="INFO">Slept 3 seconds.</msg>
<arg>3s</arg>
<doc>Pauses the test executed for the given time.</doc>
<status status="PASS" start="2025-11-27T18:05:55.085251" elapsed="3.002382"/>
</kw>
<kw name="Page Should Contain" owner="SeleniumLibrary">
<msg time="2025-11-27T18:05:58.100149" level="INFO">Current page contains text 'Close'.</msg>
<arg>Close</arg>
<doc>Verifies that current page contains ``text``.</doc>
<status status="PASS" start="2025-11-27T18:05:58.087633" elapsed="0.012516"/>
</kw>
<kw name="Clear Element Text" owner="SeleniumLibrary">
<arg>id=loginusername</arg>
<doc>Clears the value of the text-input-element identified by ``locator``.</doc>
<status status="PASS" start="2025-11-27T18:05:58.100149" elapsed="0.020969"/>
</kw>
<kw name="Input Text" owner="SeleniumLibrary">
<msg time="2025-11-27T18:05:58.121118" level="INFO">Typing text 'Clem01.' into text field 'loginusername'.</msg>
<arg>loginusername</arg>
<arg>${user_name}</arg>
<doc>Types the given ``text`` into the text field identified by ``locator``.</doc>
<status status="PASS" start="2025-11-27T18:05:58.121118" elapsed="0.056893"/>
</kw>
<kw name="Clear Element Text" owner="SeleniumLibrary">
<arg>id=loginpassword</arg>
<doc>Clears the value of the text-input-element identified by ``locator``.</doc>
<status status="PASS" start="2025-11-27T18:05:58.178011" elapsed="0.012665"/>
</kw>
<kw name="Input Password" owner="SeleniumLibrary">
<msg time="2025-11-27T18:05:58.190676" level="INFO">Typing password into text field 'loginpassword'.</msg>
<msg time="2025-11-27T18:05:58.210083" level="INFO">Temporally setting log level to: NONE</msg>
<arg>loginpassword</arg>
<arg>${passwrd}</arg>
<doc>Types the given password into the text field identified by ``locator``.</doc>
<status status="PASS" start="2025-11-27T18:05:58.190676" elapsed="0.047549"/>
</kw>
<kw name="Click Button" owner="SeleniumLibrary">
<msg time="2025-11-27T18:05:58.238225" level="INFO">Clicking button '//*[@id="logInModal"]/div/div/div[3]/button[2]'.</msg>
<arg>//*[@id="logInModal"]/div/div/div[3]/button[2]</arg>
<doc>Clicks the button identified by ``locator``.</doc>
<status status="PASS" start="2025-11-27T18:05:58.238225" elapsed="0.097025"/>
</kw>
<kw name="Page Should Contain" owner="SeleniumLibrary">
<msg time="2025-11-27T18:05:58.345532" level="INFO">Current page contains text 'CATEGORIES'.</msg>
<arg>CATEGORIES</arg>
<doc>Verifies that current page contains ``text``.</doc>
<status status="PASS" start="2025-11-27T18:05:58.335250" elapsed="0.010282"/>
</kw>
<arg>${user_name}</arg>
<arg>${password}</arg>
<status status="PASS" start="2025-11-27T18:05:44.368965" elapsed="13.976567"/>
</kw>
<kw name="Sleep" owner="BuiltIn">
<msg time="2025-11-27T18:06:00.345613" level="INFO">Slept 2 seconds.</msg>
<arg>2s</arg>
<doc>Pauses the test executed for the given time.</doc>
<status status="PASS" start="2025-11-27T18:05:58.345532" elapsed="2.000081"/>
</kw>
<kw name="Click Element" owner="SeleniumLibrary">
<msg time="2025-11-27T18:06:00.345613" level="INFO">Clicking element '//*[@id="tbodyid"]/div[3]/div/div/h4/a'.</msg>
<arg>//*[@id="tbodyid"]/div[3]/div/div/h4/a</arg>
<doc>Click the element identified by ``locator``.</doc>
<status status="PASS" start="2025-11-27T18:06:00.345613" elapsed="0.463310"/>
</kw>
<kw name="Sleep" owner="BuiltIn">
<msg time="2025-11-27T18:06:02.811452" level="INFO">Slept 2 seconds.</msg>
<arg>2s</arg>
<doc>Pauses the test executed for the given time.</doc>
<status status="PASS" start="2025-11-27T18:06:00.810935" elapsed="2.000517"/>
</kw>
<kw name="Click Element" owner="SeleniumLibrary">
<msg time="2025-11-27T18:06:02.811452" level="INFO">Clicking element '//a[text()="Add to cart"]'.</msg>
<arg>//a[text()="Add to cart"]</arg>
<doc>Click the element identified by ``locator``.</doc>
<status status="PASS" start="2025-11-27T18:06:02.811452" elapsed="0.098662"/>
</kw>
<kw name="Handle Alert" owner="SeleniumLibrary">
<msg time="2025-11-27T18:06:02.910114" level="INFO">HANDLE::&lt;class 'NoneType'&gt;::None</msg>
<msg time="2025-11-27T18:06:03.447608" level="INFO">${alerte} = Product added.</msg>
<var>${alerte}</var>
<arg>ACCEPT</arg>
<doc>Handles the current alert and returns its message.</doc>
<status status="PASS" start="2025-11-27T18:06:02.910114" elapsed="0.537494"/>
</kw>
<kw name="Should Be Equal As Strings" owner="BuiltIn">
<arg>${alerte}</arg>
<arg>Product added.</arg>
<doc>Fails if objects are unequal after converting them to strings.</doc>
<status status="PASS" start="2025-11-27T18:06:03.449618" elapsed="0.000000"/>
</kw>
<kw name="Home page" owner="Keywords">
<kw name="Click Link" owner="SeleniumLibrary">
<msg time="2025-11-27T18:06:03.452664" level="INFO">Clicking link '//*[@id="navbarExample"]/ul/li[1]/a'.</msg>
<arg>//*[@id="navbarExample"]/ul/li[1]/a</arg>
<doc>Clicks a link identified by ``locator``.</doc>
<status status="PASS" start="2025-11-27T18:06:03.449618" elapsed="0.324466"/>
</kw>
<status status="PASS" start="2025-11-27T18:06:03.449618" elapsed="0.325480"/>
</kw>
<kw name="Sleep" owner="BuiltIn">
<msg time="2025-11-27T18:06:05.777558" level="INFO">Slept 2 seconds.</msg>
<arg>2s</arg>
<doc>Pauses the test executed for the given time.</doc>
<status status="PASS" start="2025-11-27T18:06:03.775098" elapsed="2.013988"/>
</kw>
<kw name="Click Element" owner="SeleniumLibrary">
<msg time="2025-11-27T18:06:05.806102" level="INFO">Clicking element '//*[@id="tbodyid"]/div[1]/div/div/h4/a'.</msg>
<arg>//*[@id="tbodyid"]/div[1]/div/div/h4/a</arg>
<doc>Click the element identified by ``locator``.</doc>
<status status="PASS" start="2025-11-27T18:06:05.791086" elapsed="1.341322"/>
</kw>
<kw name="Sleep" owner="BuiltIn">
<msg time="2025-11-27T18:06:09.135511" level="INFO">Slept 2 seconds.</msg>
<arg>2s</arg>
<doc>Pauses the test executed for the given time.</doc>
<status status="PASS" start="2025-11-27T18:06:07.134404" elapsed="2.002140"/>
</kw>
<kw name="Click Element" owner="SeleniumLibrary">
<msg time="2025-11-27T18:06:09.138546" level="INFO">Clicking element '//a[text()="Add to cart"]'.</msg>
<arg>//a[text()="Add to cart"]</arg>
<doc>Click the element identified by ``locator``.</doc>
<status status="PASS" start="2025-11-27T18:06:09.136544" elapsed="0.125236"/>
</kw>
<kw name="Handle Alert" owner="SeleniumLibrary">
<msg time="2025-11-27T18:06:09.263827" level="INFO">HANDLE::&lt;class 'NoneType'&gt;::None</msg>
<msg time="2025-11-27T18:06:09.810843" level="INFO">${alert} = Product added.</msg>
<var>${alert}</var>
<arg>ACCEPT</arg>
<doc>Handles the current alert and returns its message.</doc>
<status status="PASS" start="2025-11-27T18:06:09.262802" elapsed="0.548041"/>
</kw>
<kw name="Should Be Equal As Strings" owner="BuiltIn">
<arg>${alert}</arg>
<arg>Product added.</arg>
<doc>Fails if objects are unequal after converting them to strings.</doc>
<status status="PASS" start="2025-11-27T18:06:09.811875" elapsed="0.001041"/>
</kw>
<kw name="Home page" owner="Keywords">
<kw name="Click Link" owner="SeleniumLibrary">
<msg time="2025-11-27T18:06:09.816009" level="INFO">Clicking link '//*[@id="navbarExample"]/ul/li[1]/a'.</msg>
<arg>//*[@id="navbarExample"]/ul/li[1]/a</arg>
<doc>Clicks a link identified by ``locator``.</doc>
<status status="PASS" start="2025-11-27T18:06:09.814993" elapsed="0.523084"/>
</kw>
<status status="PASS" start="2025-11-27T18:06:09.813936" elapsed="0.524141"/>
</kw>
<kw name="Sleep" owner="BuiltIn">
<msg time="2025-11-27T18:06:12.339428" level="INFO">Slept 2 seconds.</msg>
<arg>2s</arg>
<doc>Pauses the test executed for the given time.</doc>
<status status="PASS" start="2025-11-27T18:06:10.338077" elapsed="2.001881"/>
</kw>
<kw name="Click Element" owner="SeleniumLibrary">
<msg time="2025-11-27T18:06:12.340969" level="INFO">Clicking element '//*[@id="tbodyid"]/div[2]/div/div/h4/a'.</msg>
<arg>//*[@id="tbodyid"]/div[2]/div/div/h4/a</arg>
<doc>Click the element identified by ``locator``.</doc>
<status status="PASS" start="2025-11-27T18:06:12.339958" elapsed="0.492549"/>
</kw>
<kw name="Sleep" owner="BuiltIn">
<msg time="2025-11-27T18:06:14.834964" level="INFO">Slept 2 seconds.</msg>
<arg>2s</arg>
<doc>Pauses the test executed for the given time.</doc>
<status status="PASS" start="2025-11-27T18:06:12.833513" elapsed="2.001451"/>
</kw>
<kw name="Click Element" owner="SeleniumLibrary">
<msg time="2025-11-27T18:06:14.837516" level="INFO">Clicking element '//a[text()="Add to cart"]'.</msg>
<arg>//a[text()="Add to cart"]</arg>
<doc>Click the element identified by ``locator``.</doc>
<status status="PASS" start="2025-11-27T18:06:14.836405" elapsed="0.119756"/>
</kw>
<kw name="Handle Alert" owner="SeleniumLibrary">
<msg time="2025-11-27T18:06:14.958639" level="INFO">HANDLE::&lt;class 'NoneType'&gt;::None</msg>
<msg time="2025-11-27T18:06:15.491202" level="INFO">${alerte} = Product added.</msg>
<var>${alerte}</var>
<arg>ACCEPT</arg>
<doc>Handles the current alert and returns its message.</doc>
<status status="PASS" start="2025-11-27T18:06:14.957157" elapsed="0.535046"/>
</kw>
<kw name="Should Be Equal As Strings" owner="BuiltIn">
<arg>${alert}</arg>
<arg>Product added.</arg>
<doc>Fails if objects are unequal after converting them to strings.</doc>
<status status="PASS" start="2025-11-27T18:06:15.492203" elapsed="0.001512"/>
</kw>
<kw name="Home page" owner="Keywords">
<kw name="Click Link" owner="SeleniumLibrary">
<msg time="2025-11-27T18:06:15.498739" level="INFO">Clicking link '//*[@id="navbarExample"]/ul/li[1]/a'.</msg>
<arg>//*[@id="navbarExample"]/ul/li[1]/a</arg>
<doc>Clicks a link identified by ``locator``.</doc>
<status status="PASS" start="2025-11-27T18:06:15.496311" elapsed="0.376410"/>
</kw>
<status status="PASS" start="2025-11-27T18:06:15.495054" elapsed="0.377667"/>
</kw>
<kw name="Sleep" owner="BuiltIn">
<msg time="2025-11-27T18:06:17.875514" level="INFO">Slept 2 seconds.</msg>
<arg>2s</arg>
<doc>Pauses the test executed for the given time.</doc>
<status status="PASS" start="2025-11-27T18:06:15.873723" elapsed="2.001791"/>
</kw>
<kw name="Click Element" owner="SeleniumLibrary">
<msg time="2025-11-27T18:06:17.876681" level="INFO">Clicking element '//*[@id="tbodyid"]/div[7]/div/div/h4/a'.</msg>
<arg>//*[@id="tbodyid"]/div[7]/div/div/h4/a</arg>
<doc>Click the element identified by ``locator``.</doc>
<status status="PASS" start="2025-11-27T18:06:17.876681" elapsed="0.516957"/>
</kw>
<kw name="Sleep" owner="BuiltIn">
<msg time="2025-11-27T18:06:20.395345" level="INFO">Slept 2 seconds.</msg>
<arg>2s</arg>
<doc>Pauses the test executed for the given time.</doc>
<status status="PASS" start="2025-11-27T18:06:18.395155" elapsed="2.000190"/>
</kw>
<kw name="Click Element" owner="SeleniumLibrary">
<msg time="2025-11-27T18:06:20.397385" level="INFO">Clicking element '//a[text()="Add to cart"]'.</msg>
<arg>//a[text()="Add to cart"]</arg>
<doc>Click the element identified by ``locator``.</doc>
<status status="PASS" start="2025-11-27T18:06:20.396362" elapsed="0.115063"/>
</kw>
<kw name="Handle Alert" owner="SeleniumLibrary">
<msg time="2025-11-27T18:06:20.512609" level="INFO">HANDLE::&lt;class 'NoneType'&gt;::None</msg>
<msg time="2025-11-27T18:06:21.088910" level="INFO">${alerte} = Product added.</msg>
<var>${alerte}</var>
<arg>ACCEPT</arg>
<doc>Handles the current alert and returns its message.</doc>
<status status="PASS" start="2025-11-27T18:06:20.511425" elapsed="0.577998"/>
</kw>
<kw name="Should Be Equal As Strings" owner="BuiltIn">
<arg>${alerte}</arg>
<arg>Product added.</arg>
<doc>Fails if objects are unequal after converting them to strings.</doc>
<status status="PASS" start="2025-11-27T18:06:21.089942" elapsed="0.001535"/>
</kw>
<kw name="Home page" owner="Keywords">
<kw name="Click Link" owner="SeleniumLibrary">
<msg time="2025-11-27T18:06:21.097556" level="INFO">Clicking link '//*[@id="navbarExample"]/ul/li[1]/a'.</msg>
<arg>//*[@id="navbarExample"]/ul/li[1]/a</arg>
<doc>Clicks a link identified by ``locator``.</doc>
<status status="PASS" start="2025-11-27T18:06:21.095530" elapsed="0.551697"/>
</kw>
<status status="PASS" start="2025-11-27T18:06:21.091991" elapsed="0.555236"/>
</kw>
<kw name="Sleep" owner="BuiltIn">
<msg time="2025-11-27T18:06:23.648944" level="INFO">Slept 2 seconds.</msg>
<arg>2s</arg>
<doc>Pauses the test executed for the given time.</doc>
<status status="PASS" start="2025-11-27T18:06:21.647227" elapsed="2.001717"/>
</kw>
<kw name="Click Element" owner="SeleniumLibrary">
<msg time="2025-11-27T18:06:23.650121" level="INFO">Clicking element '//*[@id="tbodyid"]/div[8]/div/div/h4/a'.</msg>
<arg>//*[@id="tbodyid"]/div[8]/div/div/h4/a</arg>
<doc>Click the element identified by ``locator``.</doc>
<status status="PASS" start="2025-11-27T18:06:23.650121" elapsed="0.533395"/>
</kw>
<kw name="Sleep" owner="BuiltIn">
<msg time="2025-11-27T18:06:26.188243" level="INFO">Slept 2 seconds.</msg>
<arg>2s</arg>
<doc>Pauses the test executed for the given time.</doc>
<status status="PASS" start="2025-11-27T18:06:24.186041" elapsed="2.002711"/>
</kw>
<kw name="Click Element" owner="SeleniumLibrary">
<msg time="2025-11-27T18:06:26.189755" level="INFO">Clicking element '//a[text()="Add to cart"]'.</msg>
<arg>//a[text()="Add to cart"]</arg>
<doc>Click the element identified by ``locator``.</doc>
<status status="PASS" start="2025-11-27T18:06:26.188752" elapsed="0.112244"/>
</kw>
<kw name="Handle Alert" owner="SeleniumLibrary">
<msg time="2025-11-27T18:06:26.303118" level="INFO">HANDLE::&lt;class 'NoneType'&gt;::None</msg>
<msg time="2025-11-27T18:06:26.835175" level="INFO">${alerte} = Product added.</msg>
<var>${alerte}</var>
<arg>ACCEPT</arg>
<doc>Handles the current alert and returns its message.</doc>
<status status="PASS" start="2025-11-27T18:06:26.302010" elapsed="0.535171"/>
</kw>
<kw name="Should Be Equal As Strings" owner="BuiltIn">
<arg>${alerte}</arg>
<arg>Product added.</arg>
<doc>Fails if objects are unequal after converting them to strings.</doc>
<status status="PASS" start="2025-11-27T18:06:26.838184" elapsed="0.001129"/>
</kw>
<kw name="Home page" owner="Keywords">
<kw name="Click Link" owner="SeleniumLibrary">
<msg time="2025-11-27T18:06:26.842347" level="INFO">Clicking link '//*[@id="navbarExample"]/ul/li[1]/a'.</msg>
<arg>//*[@id="navbarExample"]/ul/li[1]/a</arg>
<doc>Clicks a link identified by ``locator``.</doc>
<status status="PASS" start="2025-11-27T18:06:26.841339" elapsed="0.362344"/>
</kw>
<status status="PASS" start="2025-11-27T18:06:26.840314" elapsed="0.364888"/>
</kw>
<kw name="Voir mon panier" owner="Keywords">
<kw name="Click Link" owner="SeleniumLibrary">
<msg time="2025-11-27T18:06:27.208999" level="INFO">Clicking link '//*[@id="cartur"]'.</msg>
<arg>//*[@id="cartur"]</arg>
<doc>Clicks a link identified by ``locator``.</doc>
<status status="PASS" start="2025-11-27T18:06:27.207899" elapsed="0.651533"/>
</kw>
<kw name="Page Should Contain" owner="SeleniumLibrary">
<msg time="2025-11-27T18:06:27.880959" level="INFO">Current page contains text 'Products'.</msg>
<arg>Products</arg>
<doc>Verifies that current page contains ``text``.</doc>
<status status="PASS" start="2025-11-27T18:06:27.860437" elapsed="0.020522"/>
</kw>
<status status="PASS" start="2025-11-27T18:06:27.206704" elapsed="0.675629"/>
</kw>
<kw name="Place order info" owner="Keywords">
<kw name="Click Button" owner="SeleniumLibrary">
<msg time="2025-11-27T18:06:27.888349" level="INFO">Clicking button '//*[text()="Place Order"]'.</msg>
<arg>//*[text()="Place Order"]</arg>
<doc>Clicks the button identified by ``locator``.</doc>
<status status="PASS" start="2025-11-27T18:06:27.884331" elapsed="0.278872"/>
</kw>
<kw name="Page Should Contain" owner="SeleniumLibrary">
<msg time="2025-11-27T18:06:28.183337" level="INFO">Current page contains text 'Place order'.</msg>
<arg>Place order</arg>
<doc>Verifies that current page contains ``text``.</doc>
<status status="PASS" start="2025-11-27T18:06:28.163203" elapsed="0.021403"/>
</kw>
<kw name="Wait Until Element Is Visible" owner="SeleniumLibrary">
<arg>id=name</arg>
<doc>Waits until the element ``locator`` is visible.</doc>
<status status="PASS" start="2025-11-27T18:06:28.185617" elapsed="0.354907"/>
</kw>
<kw name="Clear Element Text" owner="SeleniumLibrary">
<arg>//*[@id="name"]</arg>
<doc>Clears the value of the text-input-element identified by ``locator``.</doc>
<status status="PASS" start="2025-11-27T18:06:28.540524" elapsed="0.022619"/>
</kw>
<kw name="Input Text" owner="SeleniumLibrary">
<msg time="2025-11-27T18:06:28.567144" level="INFO">Typing text 'Clem01.' into text field 'id=name'.</msg>
<arg>id=name</arg>
<arg>${user_name}</arg>
<doc>Types the given ``text`` into the text field identified by ``locator``.</doc>
<status status="PASS" start="2025-11-27T18:06:28.564148" elapsed="0.074507"/>
</kw>
<kw name="Clear Element Text" owner="SeleniumLibrary">
<arg>id=country</arg>
<doc>Clears the value of the text-input-element identified by ``locator``.</doc>
<status status="PASS" start="2025-11-27T18:06:28.638655" elapsed="0.024622"/>
</kw>
<kw name="Input Text" owner="SeleniumLibrary">
<msg time="2025-11-27T18:06:28.666285" level="INFO">Typing text 'France' into text field 'id=country'.</msg>
<arg>id=country</arg>
<arg>${pays}</arg>
<doc>Types the given ``text`` into the text field identified by ``locator``.</doc>
<status status="PASS" start="2025-11-27T18:06:28.664274" elapsed="0.157044"/>
</kw>
<kw name="Clear Element Text" owner="SeleniumLibrary">
<arg>id=city</arg>
<doc>Clears the value of the text-input-element identified by ``locator``.</doc>
<status status="PASS" start="2025-11-27T18:06:28.821318" elapsed="0.014078"/>
</kw>
<kw name="Input Text" owner="SeleniumLibrary">
<msg time="2025-11-27T18:06:28.837681" level="INFO">Typing text 'LYON' into text field 'id=city'.</msg>
<arg>id=city</arg>
<arg>${ville}</arg>
<doc>Types the given ``text`` into the text field identified by ``locator``.</doc>
<status status="PASS" start="2025-11-27T18:06:28.836621" elapsed="0.044593"/>
</kw>
<kw name="Clear Element Text" owner="SeleniumLibrary">
<arg>id=card</arg>
<doc>Clears the value of the text-input-element identified by ``locator``.</doc>
<status status="PASS" start="2025-11-27T18:06:28.882261" elapsed="0.013428"/>
</kw>
<kw name="Input Text" owner="SeleniumLibrary">
<msg time="2025-11-27T18:06:28.897696" level="INFO">Typing text '45126378978782514' into text field 'id=card'.</msg>
<arg>id=card</arg>
<arg>${Ma_CB}</arg>
<doc>Types the given ``text`` into the text field identified by ``locator``.</doc>
<status status="PASS" start="2025-11-27T18:06:28.896690" elapsed="0.090511"/>
</kw>
<kw name="Clear Element Text" owner="SeleniumLibrary">
<arg>id=month</arg>
<doc>Clears the value of the text-input-element identified by ``locator``.</doc>
<status status="PASS" start="2025-11-27T18:06:28.988250" elapsed="0.018892"/>
</kw>
<kw name="Input Text" owner="SeleniumLibrary">
<msg time="2025-11-27T18:06:29.008334" level="INFO">Typing text '09' into text field 'id=month'.</msg>
<arg>id=month</arg>
<arg>${Mois_expi}</arg>
<doc>Types the given ``text`` into the text field identified by ``locator``.</doc>
<status status="PASS" start="2025-11-27T18:06:29.007142" elapsed="0.070111"/>
</kw>
<kw name="Clear Element Text" owner="SeleniumLibrary">
<arg>id=year</arg>
<doc>Clears the value of the text-input-element identified by ``locator``.</doc>
<status status="PASS" start="2025-11-27T18:06:29.077253" elapsed="0.034121"/>
</kw>
<kw name="Input Text" owner="SeleniumLibrary">
<msg time="2025-11-27T18:06:29.115379" level="INFO">Typing text '2035' into text field 'id=year'.</msg>
<arg>id=year</arg>
<arg>${year_expi}</arg>
<doc>Types the given ``text`` into the text field identified by ``locator``.</doc>
<status status="PASS" start="2025-11-27T18:06:29.112364" elapsed="0.059800"/>
</kw>
<kw name="Sleep" owner="BuiltIn">
<msg time="2025-11-27T18:06:31.173484" level="INFO">Slept 2 seconds.</msg>
<arg>2s</arg>
<doc>Pauses the test executed for the given time.</doc>
<status status="PASS" start="2025-11-27T18:06:29.172164" elapsed="2.002343"/>
</kw>
<kw name="Click Button" owner="SeleniumLibrary">
<msg time="2025-11-27T18:06:31.175601" level="INFO">Clicking button '//*[@id="orderModal"]/div/div/div[3]/button[2]'.</msg>
<arg>//*[@id="orderModal"]/div/div/div[3]/button[2]</arg>
<doc>Clicks the button identified by ``locator``.</doc>
<status status="PASS" start="2025-11-27T18:06:31.174507" elapsed="0.174968"/>
</kw>
<kw name="Page Should Contain" owner="SeleniumLibrary">
<msg time="2025-11-27T18:06:31.367561" level="INFO">Current page contains text 'Thank you for your purchase!'.</msg>
<arg>Thank you for your purchase!</arg>
<doc>Verifies that current page contains ``text``.</doc>
<status status="PASS" start="2025-11-27T18:06:31.349475" elapsed="0.019085"/>
</kw>
<status status="PASS" start="2025-11-27T18:06:27.883335" elapsed="3.486224"/>
</kw>
<kw name="Sleep" owner="BuiltIn">
<msg time="2025-11-27T18:06:33.371924" level="INFO">Slept 2 seconds.</msg>
<arg>2s</arg>
<doc>Pauses the test executed for the given time.</doc>
<status status="PASS" start="2025-11-27T18:06:31.369559" elapsed="2.002885"/>
</kw>
<arg>${user_name}</arg>
<arg>${passwrd}</arg>
<status status="PASS" start="2025-11-27T18:05:44.367955" elapsed="49.004489"/>
</kw>
<status status="PASS" start="2025-11-27T18:05:44.363368" elapsed="49.010076"/>
</test>
<kw name="Close Browser" owner="SeleniumLibrary" type="TEARDOWN">
<doc>Closes the current browser.</doc>
<status status="PASS" start="2025-11-27T18:06:33.382679" elapsed="4.753787"/>
</kw>
<status status="PASS" start="2025-11-27T18:05:43.700337" elapsed="54.436129"/>
</suite>
<status status="PASS" start="2025-11-27T18:05:43.694830" elapsed="54.446818"/>
</suite>
<status status="PASS" start="2025-11-27T18:05:43.639885" elapsed="54.506930"/>
</suite>
<statistics>
<total>
<stat pass="1" fail="0" skip="0">All Tests</stat>
</total>
<tag>
</tag>
<suite>
<stat name="Automatisation E2E Robotframework" id="s1" pass="1" fail="0" skip="0">Automatisation E2E Robotframework</stat>
<stat name="Mes Suites de Tests" id="s1-s1" pass="1" fail="0" skip="0">Automatisation E2E Robotframework.Mes Suites de Tests</stat>
<stat name="07 Effectuer plusieurs Achats" id="s1-s1-s1" pass="1" fail="0" skip="0">Automatisation E2E Robotframework.Mes Suites de Tests.07 Effectuer plusieurs Achats</stat>
</suite>
</statistics>
<errors>
</errors>
</robot>
